Flow report for CPU8
Tue Jan 08 00:21:51 2019
Quartus II 64-Bit Version 13.0.1 Build 232 06/12/2013 Service Pack 1 SJ Full Version


---------------------
; Table of Contents ;
---------------------
  1. Legal Notice
  2. Flow Summary
  3. Flow Settings
  4. Flow Non-Default Global Settings
  5. Flow Elapsed Time
  6. Flow OS Summary
  7. Flow Log
  8. Flow Messages
  9. Flow Suppressed Messages



----------------
; Legal Notice ;
----------------
Copyright (C) 1991-2013 Altera Corporation
Your use of Altera Corporation's design tools, logic functions 
and other software and tools, and its AMPP partner logic 
functions, and any output files from any of the foregoing 
(including device programming or simulation files), and any 
associated documentation or information are expressly subject 
to the terms and conditions of the Altera Program License 
Subscription Agreement, Altera MegaCore Function License 
Agreement, or other applicable license agreement, including, 
without limitation, that your use is for the sole purpose of 
programming logic devices manufactured by Altera and sold by 
Altera or its authorized distributors.  Please refer to the 
applicable agreement for further details.



+---------------------------------------------------------------------------------------+
; Flow Summary                                                                          ;
+------------------------------------+--------------------------------------------------+
; Flow Status                        ; Successful - Tue Jan 08 00:21:51 2019            ;
; Quartus II 64-Bit Version          ; 13.0.1 Build 232 06/12/2013 SP 1 SJ Full Version ;
; Revision Name                      ; CPU8                                             ;
; Top-level Entity Name              ; CPU_TOP                                          ;
; Family                             ; Cyclone III                                      ;
; Device                             ; EP3C55F484C8                                     ;
; Timing Models                      ; Final                                            ;
; Total logic elements               ; 901 / 55,856 ( 2 % )                             ;
;     Total combinational functions  ; 879 / 55,856 ( 2 % )                             ;
;     Dedicated logic registers      ; 212 / 55,856 ( < 1 % )                           ;
; Total registers                    ; 212                                              ;
; Total pins                         ; 149 / 328 ( 45 % )                               ;
; Total virtual pins                 ; 0                                                ;
; Total memory bits                  ; 3,584 / 2,396,160 ( < 1 % )                      ;
; Embedded Multiplier 9-bit elements ; 0 / 312 ( 0 % )                                  ;
; Total PLLs                         ; 0 / 4 ( 0 % )                                    ;
+------------------------------------+--------------------------------------------------+


+-----------------------------------------+
; Flow Settings                           ;
+-------------------+---------------------+
; Option            ; Setting             ;
+-------------------+---------------------+
; Start date & time ; 01/08/2019 00:21:19 ;
; Main task         ; Compilation         ;
; Revision Name     ; CPU8                ;
+-------------------+---------------------+


+---------------------------------------------------------------------------------------------------------------------------------------+
; Flow Non-Default Global Settings                                                                                                      ;
+-------------------------------------+----------------------------------+---------------+-------------+--------------------------------+
; Assignment Name                     ; Value                            ; Default Value ; Entity Name ; Section Id                     ;
+-------------------------------------+----------------------------------+---------------+-------------+--------------------------------+
; AUTO_ENABLE_SMART_COMPILE           ; On                               ; --            ; --          ; --                             ;
; COMPILER_SIGNATURE_ID               ; 184849017654400.154687807915180  ; --            ; --          ; --                             ;
; EDA_BOARD_BOUNDARY_SCAN_OPERATION   ; POST_CONFIG                      ; --            ; --          ; eda_board_design_boundary_scan ;
; EDA_BOARD_DESIGN_BOUNDARY_SCAN_TOOL ; BSDL (Boundary Scan)             ; <None>        ; --          ; --                             ;
; EDA_GENERATE_FUNCTIONAL_NETLIST     ; On                               ; --            ; --          ; eda_simulation                 ;
; EDA_NETLIST_WRITER_OUTPUT_DIR       ; G:/EXPT_5_B4_CPU8B_CPLEX_INS/new ; --            ; --          ; eda_board_design_boundary_scan ;
; EDA_OUTPUT_DATA_FORMAT              ; Verilog Hdl                      ; --            ; --          ; eda_simulation                 ;
; EDA_SIMULATION_TOOL                 ; ModelSim-Altera (Verilog)        ; <None>        ; --          ; --                             ;
; ENABLE_SIGNALTAP                    ; Off                              ; --            ; --          ; --                             ;
; MAX_CORE_JUNCTION_TEMP              ; 85                               ; --            ; --          ; --                             ;
; MIN_CORE_JUNCTION_TEMP              ; 0                                ; --            ; --          ; --                             ;
; NOMINAL_CORE_SUPPLY_VOLTAGE         ; 1.2V                             ; --            ; --          ; --                             ;
; PARTITION_COLOR                     ; 16764057                         ; --            ; CPU_TOP     ; Top                            ;
; PARTITION_FITTER_PRESERVATION_LEVEL ; PLACEMENT_AND_ROUTING            ; --            ; CPU_TOP     ; Top                            ;
; PARTITION_NETLIST_TYPE              ; SOURCE                           ; --            ; CPU_TOP     ; Top                            ;
; TOP_LEVEL_ENTITY                    ; CPU_TOP                          ; CPU8          ; --          ; --                             ;
; USE_SIGNALTAP_FILE                  ; stp8.stp                         ; --            ; --          ; --                             ;
+-------------------------------------+----------------------------------+---------------+-------------+--------------------------------+


+-------------------------------------------------------------------------------------------------------------------------------+
; Flow Elapsed Time                                                                                                             ;
+---------------------------+--------------+-------------------------+---------------------+------------------------------------+
; Module Name               ; Elapsed Time ; Average Processors Used ; Peak Virtual Memory ; Total CPU Time (on all processors) ;
+---------------------------+--------------+-------------------------+---------------------+------------------------------------+
; Analysis & Synthesis      ; 00:00:06     ; 1.0                     ; 4681 MB             ; 00:00:06                           ;
; Fitter                    ; 00:00:13     ; 1.7                     ; 5423 MB             ; 00:00:18                           ;
; Assembler                 ; 00:00:04     ; 1.0                     ; 4584 MB             ; 00:00:03                           ;
; TimeQuest Timing Analyzer ; 00:00:03     ; 1.0                     ; 4707 MB             ; 00:00:04                           ;
; EDA Netlist Writer        ; 00:00:00     ; 1.0                     ; 4549 MB             ; 00:00:01                           ;
; Total                     ; 00:00:26     ; --                      ; --                  ; 00:00:32                           ;
+---------------------------+--------------+-------------------------+---------------------+------------------------------------+


+----------------------------------------------------------------------------------------+
; Flow OS Summary                                                                        ;
+---------------------------+------------------+-----------+------------+----------------+
; Module Name               ; Machine Hostname ; OS Name   ; OS Version ; Processor type ;
+---------------------------+------------------+-----------+------------+----------------+
; Analysis & Synthesis      ; DESKTOP-4E3S7CH  ; Windows 7 ; 6.2        ; x86_64         ;
; Fitter                    ; DESKTOP-4E3S7CH  ; Windows 7 ; 6.2        ; x86_64         ;
; Assembler                 ; DESKTOP-4E3S7CH  ; Windows 7 ; 6.2        ; x86_64         ;
; TimeQuest Timing Analyzer ; DESKTOP-4E3S7CH  ; Windows 7 ; 6.2        ; x86_64         ;
; EDA Netlist Writer        ; DESKTOP-4E3S7CH  ; Windows 7 ; 6.2        ; x86_64         ;
+---------------------------+------------------+-----------+------------+----------------+


------------
; Flow Log ;
------------
quartus_map --read_settings_files=on --write_settings_files=off CPU8 -c CPU8
quartus_fit --read_settings_files=off --write_settings_files=off CPU8 -c CPU8
quartus_asm --read_settings_files=off --write_settings_files=off CPU8 -c CPU8
quartus_sta CPU8 -c CPU8
quartus_eda --read_settings_files=off --write_settings_files=off CPU8 -c CPU8



